2013/04/16 11:57:11 [error] [php] include(ServiceControllerGenerator.php): failed to open stream: No such file or directory (/var/www/html/serviceapp/framework/YiiBase.php:423)
Stack trace:
#0 /var/www/html/serviceapp/framework/YiiBase.php(206): spl_autoload_call()
#1 /var/www/html/serviceapp/framework/web/CWebApplication.php(333): createComponent()
#2 /var/www/html/serviceapp/framework/web/CWebApplication.php(339): CWebApplication->createController()
#3 /var/www/html/serviceapp/framework/web/CWebApplication.php(277): CWebApplication->createController()
#4 /var/www/html/serviceapp/framework/web/CWebApplication.php(142): CWebApplication->runController()
#5 /var/www/html/serviceapp/framework/base/CApplication.php(162): CWebApplication->processRequest()
#6 /var/www/html/serviceapp/index.php(13): CWebApplication->run()
REQUEST_URI=/serviceapp/index.php/gii/serviceController
in /var/www/html/serviceapp/index.php (13)
2013/04/16 12:29:57 [error] [php] include(ServiceControllerGenerator.php): failed to open stream: No such file or directory (/var/www/html/serviceapp/framework/YiiBase.php:423)
Stack trace:
#0 /var/www/html/serviceapp/framework/YiiBase.php(206): spl_autoload_call()
#1 /var/www/html/serviceapp/framework/web/CWebApplication.php(333): createComponent()
#2 /var/www/html/serviceapp/framework/web/CWebApplication.php(339): CWebApplication->createController()
#3 /var/www/html/serviceapp/framework/web/CWebApplication.php(277): CWebApplication->createController()
#4 /var/www/html/serviceapp/framework/web/CWebApplication.php(142): CWebApplication->runController()
#5 /var/www/html/serviceapp/framework/base/CApplication.php(162): CWebApplication->processRequest()
#6 /var/www/html/serviceapp/index.php(13): CWebApplication->run()
REQUEST_URI=/serviceapp/index.php/gii/serviceController
in /var/www/html/serviceapp/index.php (13)
2013/04/16 12:30:08 [error] [php] include(ServiceControllerGenerator.php): failed to open stream: No such file or directory (/var/www/html/serviceapp/framework/YiiBase.php:423)
Stack trace:
#0 /var/www/html/serviceapp/framework/YiiBase.php(206): spl_autoload_call()
#1 /var/www/html/serviceapp/framework/web/CWebApplication.php(333): createComponent()
#2 /var/www/html/serviceapp/framework/web/CWebApplication.php(339): CWebApplication->createController()
#3 /var/www/html/serviceapp/framework/web/CWebApplication.php(277): CWebApplication->createController()
#4 /var/www/html/serviceapp/framework/web/CWebApplication.php(142): CWebApplication->runController()
#5 /var/www/html/serviceapp/framework/base/CApplication.php(162): CWebApplication->processRequest()
#6 /var/www/html/serviceapp/index.php(13): CWebApplication->run()
REQUEST_URI=/serviceapp/index.php/gii/serviceController
in /var/www/html/serviceapp/index.php (13)
2013/04/16 12:36:00 [error] [php] include(ServiceControllerGenerator.php): failed to open stream: No such file or directory (/var/www/html/serviceapp/framework/YiiBase.php:423)
Stack trace:
#0 /var/www/html/serviceapp/framework/YiiBase.php(206): spl_autoload_call()
#1 /var/www/html/serviceapp/framework/web/CWebApplication.php(333): createComponent()
#2 /var/www/html/serviceapp/framework/web/CWebApplication.php(339): CWebApplication->createController()
#3 /var/www/html/serviceapp/framework/web/CWebApplication.php(277): CWebApplication->createController()
#4 /var/www/html/serviceapp/framework/web/CWebApplication.php(142): CWebApplication->runController()
#5 /var/www/html/serviceapp/framework/base/CApplication.php(162): CWebApplication->processRequest()
#6 /var/www/html/serviceapp/index.php(13): CWebApplication->run()
REQUEST_URI=/serviceapp/index.php/gii/serviceController
in /var/www/html/serviceapp/index.php (13)
2013/04/16 12:37:06 [error] [exception.CException] exception 'CException' with message 'ServiceControllerGenerator cannot find the requested view "index".' in /var/www/html/serviceapp/framework/web/CController.php:879
Stack trace:
#0 /var/www/html/serviceapp/framework/web/CController.php(783): CController->renderPartial('index', Array, true)
#1 /var/www/html/serviceapp/framework/gii/CCodeGenerator.php(69): CController->render('index', Array)
#2 /var/www/html/serviceapp/framework/web/actions/CInlineAction.php(50): CCodeGenerator->actionIndex()
#3 /var/www/html/serviceapp/framework/web/CController.php(309): CInlineAction->runWithParams(Array)
#4 /var/www/html/serviceapp/framework/web/CController.php(287): CController->runAction(Object(CInlineAction))
#5 /var/www/html/serviceapp/framework/web/CController.php(266): CController->runActionWithFilters(Object(CInlineAction), Array)
#6 /var/www/html/serviceapp/framework/web/CWebApplication.php(283): CController->run('')
#7 /var/www/html/serviceapp/framework/web/CWebApplication.php(142): CWebApplication->runController('gii/serviceCont...')
#8 /var/www/html/serviceapp/framework/base/CApplication.php(162): CWebApplication->processRequest()
#9 /var/www/html/serviceapp/index.php(13): CApplication->run()
#10 {main}
REQUEST_URI=/serviceapp/index.php/gii/serviceController
HTTP_REFERER=http://localhost/serviceapp/index.php/gii/controller
---
2013/04/16 12:44:27 [error] [exception.CException] exception 'CException' with message 'The template file '/var/www/html/serviceapp/framework/gii/generators/serviceController/templates/default/view.php' does not exist.' in /var/www/html/serviceapp/framework/gii/CCodeModel.php:298
Stack trace:
#0 /var/www/html/serviceapp/framework/gii/generators/serviceController/ServiceControllerCode.php(53): CCodeModel->render('/var/www/html/s...', Array)
#1 /var/www/html/serviceapp/framework/gii/CCodeGenerator.php(147): ServiceControllerCode->prepare()
#2 /var/www/html/serviceapp/framework/gii/CCodeGenerator.php(61): CCodeGenerator->prepare()
#3 /var/www/html/serviceapp/framework/web/actions/CInlineAction.php(50): CCodeGenerator->actionIndex()
#4 /var/www/html/serviceapp/framework/web/CController.php(309): CInlineAction->runWithParams(Array)
#5 /var/www/html/serviceapp/framework/web/CController.php(287): CController->runAction(Object(CInlineAction))
#6 /var/www/html/serviceapp/framework/web/CController.php(266): CController->runActionWithFilters(Object(CInlineAction), Array)
#7 /var/www/html/serviceapp/framework/web/CWebApplication.php(283): CController->run('')
#8 /var/www/html/serviceapp/framework/web/CWebApplication.php(142): CWebApplication->runController('gii/serviceCont...')
#9 /var/www/html/serviceapp/framework/base/CApplication.php(162): CWebApplication->processRequest()
#10 /var/www/html/serviceapp/index.php(13): CApplication->run()
#11 {main}
REQUEST_URI=/serviceapp/index.php/gii/serviceController
HTTP_REFERER=http://localhost/serviceapp/index.php/gii/serviceController
---
2013/04/16 12:45:33 [error] [exception.CException] exception 'CException' with message 'The template file '/var/www/html/serviceapp/framework/gii/generators/serviceController/templates/default/ServiceController.php' does not exist.' in /var/www/html/serviceapp/framework/gii/CCodeModel.php:298
Stack trace:
#0 /var/www/html/serviceapp/framework/gii/generators/serviceController/ServiceControllerCode.php(47): CCodeModel->render('/var/www/html/s...')
#1 /var/www/html/serviceapp/framework/gii/CCodeGenerator.php(147): ServiceControllerCode->prepare()
#2 /var/www/html/serviceapp/framework/gii/CCodeGenerator.php(61): CCodeGenerator->prepare()
#3 /var/www/html/serviceapp/framework/web/actions/CInlineAction.php(50): CCodeGenerator->actionIndex()
#4 /var/www/html/serviceapp/framework/web/CController.php(309): CInlineAction->runWithParams(Array)
#5 /var/www/html/serviceapp/framework/web/CController.php(287): CController->runAction(Object(CInlineAction))
#6 /var/www/html/serviceapp/framework/web/CController.php(266): CController->runActionWithFilters(Object(CInlineAction), Array)
#7 /var/www/html/serviceapp/framework/web/CWebApplication.php(283): CController->run('')
#8 /var/www/html/serviceapp/framework/web/CWebApplication.php(142): CWebApplication->runController('gii/serviceCont...')
#9 /var/www/html/serviceapp/framework/base/CApplication.php(162): CWebApplication->processRequest()
#10 /var/www/html/serviceapp/index.php(13): CApplication->run()
#11 {main}
REQUEST_URI=/serviceapp/index.php/gii/serviceController
HTTP_REFERER=http://localhost/serviceapp/index.php/gii/serviceController
---
2013/04/16 12:48:50 [error] [exception.CException] exception 'CException' with message 'Property "ServiceControllerCode.serviceControllerClass" is not defined.' in /var/www/html/serviceapp/framework/base/CComponent.php:131
Stack trace:
#0 /var/www/html/serviceapp/framework/gii/generators/serviceController/templates/default/serviceController.php(10): CComponent->__get('serviceControll...')
#1 /var/www/html/serviceapp/framework/gii/CCodeModel.php(306): require('/var/www/html/s...')
#2 /var/www/html/serviceapp/framework/gii/generators/serviceController/ServiceControllerCode.php(47): CCodeModel->render('/var/www/html/s...')
#3 /var/www/html/serviceapp/framework/gii/CCodeGenerator.php(147): ServiceControllerCode->prepare()
#4 /var/www/html/serviceapp/framework/gii/CCodeGenerator.php(61): CCodeGenerator->prepare()
#5 /var/www/html/serviceapp/framework/web/actions/CInlineAction.php(50): CCodeGenerator->actionIndex()
#6 /var/www/html/serviceapp/framework/web/CController.php(309): CInlineAction->runWithParams(Array)
#7 /var/www/html/serviceapp/framework/web/CController.php(287): CController->runAction(Object(CInlineAction))
#8 /var/www/html/serviceapp/framework/web/CController.php(266): CController->runActionWithFilters(Object(CInlineAction), Array)
#9 /var/www/html/serviceapp/framework/web/CWebApplication.php(283): CController->run('')
#10 /var/www/html/serviceapp/framework/web/CWebApplication.php(142): CWebApplication->runController('gii/serviceCont...')
#11 /var/www/html/serviceapp/framework/base/CApplication.php(162): CWebApplication->processRequest()
#12 /var/www/html/serviceapp/index.php(13): CApplication->run()
#13 {main}
REQUEST_URI=/serviceapp/index.php/gii/serviceController
HTTP_REFERER=http://localhost/serviceapp/index.php/gii/serviceController
---
2013/04/16 14:07:37 [error] [exception.CException] exception 'CException' with message 'CWebApplication and its behaviors do not have a method or closure named "getAttributes".' in /var/www/html/serviceapp/framework/base/CComponent.php:266
Stack trace:
#0 /var/www/html/serviceapp/index.php(23): CComponent->__call('getAttributes', Array)
#1 /var/www/html/serviceapp/index.php(23): CWebApplication->getAttributes()
#2 /var/www/html/serviceapp/framework/gii/generators/serviceController/ServiceControllerCode.php(105): display(Object(CWebApplication))
#3 /var/www/html/serviceapp/framework/base/CComponent.php(112): ServiceControllerCode->getControllerFile()
#4 /var/www/html/serviceapp/framework/gii/generators/serviceController/ServiceControllerCode.php(46): CComponent->__get('controllerFile')
#5 /var/www/html/serviceapp/framework/gii/CCodeGenerator.php(147): ServiceControllerCode->prepare()
#6 /var/www/html/serviceapp/framework/gii/CCodeGenerator.php(61): CCodeGenerator->prepare()
#7 /var/www/html/serviceapp/framework/web/actions/CInlineAction.php(50): CCodeGenerator->actionIndex()
#8 /var/www/html/serviceapp/framework/web/CController.php(309): CInlineAction->runWithParams(Array)
#9 /var/www/html/serviceapp/framework/web/CController.php(287): CController->runAction(Object(CInlineAction))
#10 /var/www/html/serviceapp/framework/web/CController.php(266): CController->runActionWithFilters(Object(CInlineAction), Array)
#11 /var/www/html/serviceapp/framework/web/CWebApplication.php(283): CController->run('')
#12 /var/www/html/serviceapp/framework/web/CWebApplication.php(142): CWebApplication->runController('gii/serviceCont...')
#13 /var/www/html/serviceapp/framework/base/CApplication.php(162): CWebApplication->processRequest()
#14 /var/www/html/serviceapp/index.php(13): CApplication->run()
#15 {main}
REQUEST_URI=/serviceapp/index.php/gii/serviceController
HTTP_REFERER=http://localhost/serviceapp/index.php/gii/serviceController
---
2013/04/16 14:15:34 [error] [php] Undefined variable: form (/var/www/html/serviceapp/framework/gii/generators/serviceController/views/index.php:9)
Stack trace:
#0 /var/www/html/serviceapp/framework/web/CController.php(870): ServiceControllerGenerator->renderFile()
#1 /var/www/html/serviceapp/framework/web/CController.php(783): ServiceControllerGenerator->renderPartial()
#2 /var/www/html/serviceapp/framework/gii/CCodeGenerator.php(69): ServiceControllerGenerator->render()
#3 /var/www/html/serviceapp/framework/web/actions/CInlineAction.php(50): ServiceControllerGenerator->actionIndex()
#4 /var/www/html/serviceapp/framework/web/CController.php(309): CInlineAction->runWithParams()
#5 /var/www/html/serviceapp/framework/web/CController.php(287): ServiceControllerGenerator->runAction()
#6 /var/www/html/serviceapp/framework/web/CController.php(266): ServiceControllerGenerator->runActionWithFilters()
#7 /var/www/html/serviceapp/framework/web/CWebApplication.php(283): ServiceControllerGenerator->run()
#8 /var/www/html/serviceapp/framework/web/CWebApplication.php(142): CWebApplication->runController()
#9 /var/www/html/serviceapp/framework/base/CApplication.php(162): CWebApplication->processRequest()
#10 /var/www/html/serviceapp/index.php(13): CWebApplication->run()
REQUEST_URI=/serviceapp/index.php/gii/serviceController
in /var/www/html/serviceapp/index.php (13)
2013/04/16 15:35:14 [error] [exception.CException] exception 'CException' with message 'Property "ServiceControllerCode.modelClass" is not defined.' in /var/www/html/serviceapp/framework/base/CComponent.php:131
Stack trace:
#0 /var/www/html/serviceapp/framework/gii/generators/serviceController/templates/default/serviceController.php(13): CComponent->__get('modelClass')
#1 /var/www/html/serviceapp/framework/gii/CCodeModel.php(306): require('/var/www/html/s...')
#2 /var/www/html/serviceapp/framework/gii/generators/serviceController/ServiceControllerCode.php(47): CCodeModel->render('/var/www/html/s...')
#3 /var/www/html/serviceapp/framework/gii/CCodeGenerator.php(147): ServiceControllerCode->prepare()
#4 /var/www/html/serviceapp/framework/gii/CCodeGenerator.php(61): CCodeGenerator->prepare()
#5 /var/www/html/serviceapp/framework/web/actions/CInlineAction.php(50): CCodeGenerator->actionIndex()
#6 /var/www/html/serviceapp/framework/web/CController.php(309): CInlineAction->runWithParams(Array)
#7 /var/www/html/serviceapp/framework/web/CController.php(287): CController->runAction(Object(CInlineAction))
#8 /var/www/html/serviceapp/framework/web/CController.php(266): CController->runActionWithFilters(Object(CInlineAction), Array)
#9 /var/www/html/serviceapp/framework/web/CWebApplication.php(283): CController->run('')
#10 /var/www/html/serviceapp/framework/web/CWebApplication.php(142): CWebApplication->runController('gii/serviceCont...')
#11 /var/www/html/serviceapp/framework/base/CApplication.php(162): CWebApplication->processRequest()
#12 /var/www/html/serviceapp/index.php(13): CApplication->run()
#13 {main}
REQUEST_URI=/serviceapp/index.php/gii/serviceController
HTTP_REFERER=http://localhost/serviceapp/index.php/gii/serviceController
---
2013/04/16 15:39:01 [error] [php] Object of class CWebApplication could not be converted to string (/var/www/html/serviceapp/framework/gii/generators/serviceController/templates/default/serviceController.php:13)
Stack trace:
#0 /var/www/html/serviceapp/framework/gii/CCodeGenerator.php(147): ServiceControllerCode->prepare()
#1 /var/www/html/serviceapp/framework/gii/CCodeGenerator.php(61): ServiceControllerGenerator->prepare()
#2 /var/www/html/serviceapp/framework/web/actions/CInlineAction.php(50): ServiceControllerGenerator->actionIndex()
#3 /var/www/html/serviceapp/framework/web/CController.php(309): CInlineAction->runWithParams()
#4 /var/www/html/serviceapp/framework/web/CController.php(287): ServiceControllerGenerator->runAction()
#5 /var/www/html/serviceapp/framework/web/CController.php(266): ServiceControllerGenerator->runActionWithFilters()
#6 /var/www/html/serviceapp/framework/web/CWebApplication.php(283): ServiceControllerGenerator->run()
#7 /var/www/html/serviceapp/framework/web/CWebApplication.php(142): CWebApplication->runController()
#8 /var/www/html/serviceapp/framework/base/CApplication.php(162): CWebApplication->processRequest()
#9 /var/www/html/serviceapp/index.php(13): CWebApplication->run()
REQUEST_URI=/serviceapp/index.php/gii/serviceController
in /var/www/html/serviceapp/index.php (13)
2013/04/16 15:46:00 [error] [php] Object of class CWebApplication could not be converted to string (/var/www/html/serviceapp/framework/gii/generators/serviceController/templates/default/serviceController.php:13)
Stack trace:
#0 /var/www/html/serviceapp/framework/gii/CCodeGenerator.php(147): ServiceControllerCode->prepare()
#1 /var/www/html/serviceapp/framework/gii/CCodeGenerator.php(61): ServiceControllerGenerator->prepare()
#2 /var/www/html/serviceapp/framework/web/actions/CInlineAction.php(50): ServiceControllerGenerator->actionIndex()
#3 /var/www/html/serviceapp/framework/web/CController.php(309): CInlineAction->runWithParams()
#4 /var/www/html/serviceapp/framework/web/CController.php(287): ServiceControllerGenerator->runAction()
#5 /var/www/html/serviceapp/framework/web/CController.php(266): ServiceControllerGenerator->runActionWithFilters()
#6 /var/www/html/serviceapp/framework/web/CWebApplication.php(283): ServiceControllerGenerator->run()
#7 /var/www/html/serviceapp/framework/web/CWebApplication.php(142): CWebApplication->runController()
#8 /var/www/html/serviceapp/framework/base/CApplication.php(162): CWebApplication->processRequest()
#9 /var/www/html/serviceapp/index.php(13): CWebApplication->run()
REQUEST_URI=/serviceapp/index.php/gii/serviceController
in /var/www/html/serviceapp/index.php (13)
2013/04/16 16:20:57 [error] [exception.CException] exception 'CException' with message 'AddressTypes and its behaviors do not have a method or closure named "getPrefixName".' in /var/www/html/serviceapp/framework/base/CComponent.php:266
Stack trace:
#0 /var/www/html/serviceapp/framework/db/ar/CActiveRecord.php(226): CComponent->__call('getPrefixName', Array)
#1 /var/www/html/serviceapp/protected/models/AddressTypes.php(21): CActiveRecord->__call('getPrefixName', Array)
#2 /var/www/html/serviceapp/protected/models/AddressTypes.php(21): BaseAddressTypes->getPrefixName()
#3 /var/www/html/serviceapp/framework/db/ar/CActiveRecord.php(2310): AddressTypes->tableName()
#4 /var/www/html/serviceapp/framework/db/ar/CActiveRecord.php(388): CActiveRecordMetaData->__construct(Object(AddressTypes))
#5 /var/www/html/serviceapp/framework/gii/generators/serviceController/ServiceControllerCode.php(59): CActiveRecord::model('AddressTypes')
#6 /var/www/html/serviceapp/framework/validators/CInlineValidator.php(43): ServiceControllerCode->validateModel('model', Array)
#7 /var/www/html/serviceapp/framework/validators/CValidator.php(214): CInlineValidator->validateAttribute(Object(ServiceControllerCode), 'model')
#8 /var/www/html/serviceapp/framework/base/CModel.php(158): CValidator->validate(Object(ServiceControllerCode), NULL)
#9 /var/www/html/serviceapp/framework/gii/CCodeGenerator.php(145): CModel->validate()
#10 /var/www/html/serviceapp/framework/gii/CCodeGenerator.php(61): CCodeGenerator->prepare()
#11 /var/www/html/serviceapp/framework/web/actions/CInlineAction.php(50): CCodeGenerator->actionIndex()
#12 /var/www/html/serviceapp/framework/web/CController.php(309): CInlineAction->runWithParams(Array)
#13 /var/www/html/serviceapp/framework/web/CController.php(287): CController->runAction(Object(CInlineAction))
#14 /var/www/html/serviceapp/framework/web/CController.php(266): CController->runActionWithFilters(Object(CInlineAction), Array)
#15 /var/www/html/serviceapp/framework/web/CWebApplication.php(283): CController->run('')
#16 /var/www/html/serviceapp/framework/web/CWebApplication.php(142): CWebApplication->runController('gii/serviceCont...')
#17 /var/www/html/serviceapp/framework/base/CApplication.php(162): CWebApplication->processRequest()
#18 /var/www/html/serviceapp/index.php(13): CApplication->run()
#19 {main}
REQUEST_URI=/serviceapp/index.php/gii/serviceController
HTTP_REFERER=http://localhost/serviceapp/index.php/gii/serviceController
---
2013/04/16 16:22:24 [error] [exception.CException] exception 'CException' with message 'AddressTypes and its behaviors do not have a method or closure named "getPrefixName".' in /var/www/html/serviceapp/framework/base/CComponent.php:266
Stack trace:
#0 /var/www/html/serviceapp/framework/db/ar/CActiveRecord.php(226): CComponent->__call('getPrefixName', Array)
#1 /var/www/html/serviceapp/protected/models/AddressTypes.php(21): CActiveRecord->__call('getPrefixName', Array)
#2 /var/www/html/serviceapp/protected/models/AddressTypes.php(21): BaseAddressTypes->getPrefixName()
#3 /var/www/html/serviceapp/framework/db/ar/CActiveRecord.php(2310): AddressTypes->tableName()
#4 /var/www/html/serviceapp/framework/db/ar/CActiveRecord.php(388): CActiveRecordMetaData->__construct(Object(AddressTypes))
#5 /var/www/html/serviceapp/framework/gii/generators/serviceController/ServiceControllerCode.php(59): CActiveRecord::model('AddressTypes')
#6 /var/www/html/serviceapp/framework/validators/CInlineValidator.php(43): ServiceControllerCode->validateModel('model', Array)
#7 /var/www/html/serviceapp/framework/validators/CValidator.php(214): CInlineValidator->validateAttribute(Object(ServiceControllerCode), 'model')
#8 /var/www/html/serviceapp/framework/base/CModel.php(158): CValidator->validate(Object(ServiceControllerCode), NULL)
#9 /var/www/html/serviceapp/framework/gii/CCodeGenerator.php(145): CModel->validate()
#10 /var/www/html/serviceapp/framework/gii/CCodeGenerator.php(61): CCodeGenerator->prepare()
#11 /var/www/html/serviceapp/framework/web/actions/CInlineAction.php(50): CCodeGenerator->actionIndex()
#12 /var/www/html/serviceapp/framework/web/CController.php(309): CInlineAction->runWithParams(Array)
#13 /var/www/html/serviceapp/framework/web/CController.php(287): CController->runAction(Object(CInlineAction))
#14 /var/www/html/serviceapp/framework/web/CController.php(266): CController->runActionWithFilters(Object(CInlineAction), Array)
#15 /var/www/html/serviceapp/framework/web/CWebApplication.php(283): CController->run('')
#16 /var/www/html/serviceapp/framework/web/CWebApplication.php(142): CWebApplication->runController('gii/serviceCont...')
#17 /var/www/html/serviceapp/framework/base/CApplication.php(162): CWebApplication->processRequest()
#18 /var/www/html/serviceapp/index.php(13): CApplication->run()
#19 {main}
REQUEST_URI=/serviceapp/index.php/gii/serviceController
HTTP_REFERER=http://localhost/serviceapp/index.php/gii/serviceController
---
2013/04/16 16:25:35 [error] [exception.CException] exception 'CException' with message 'AddressTypes and its behaviors do not have a method or closure named "getPrefixName".' in /var/www/html/serviceapp/framework/base/CComponent.php:266
Stack trace:
#0 /var/www/html/serviceapp/framework/db/ar/CActiveRecord.php(226): CComponent->__call('getPrefixName', Array)
#1 /var/www/html/serviceapp/protected/models/AddressTypes.php(21): CActiveRecord->__call('getPrefixName', Array)
#2 /var/www/html/serviceapp/protected/models/AddressTypes.php(21): BaseAddressTypes->getPrefixName()
#3 /var/www/html/serviceapp/framework/db/ar/CActiveRecord.php(2310): AddressTypes->tableName()
#4 /var/www/html/serviceapp/framework/db/ar/CActiveRecord.php(388): CActiveRecordMetaData->__construct(Object(AddressTypes))
#5 /var/www/html/serviceapp/framework/gii/generators/serviceController/ServiceControllerCode.php(59): CActiveRecord::model('AddressTypes')
#6 /var/www/html/serviceapp/framework/validators/CInlineValidator.php(43): ServiceControllerCode->validateModel('model', Array)
#7 /var/www/html/serviceapp/framework/validators/CValidator.php(214): CInlineValidator->validateAttribute(Object(ServiceControllerCode), 'model')
#8 /var/www/html/serviceapp/framework/base/CModel.php(158): CValidator->validate(Object(ServiceControllerCode), NULL)
#9 /var/www/html/serviceapp/framework/gii/CCodeGenerator.php(145): CModel->validate()
#10 /var/www/html/serviceapp/framework/gii/CCodeGenerator.php(61): CCodeGenerator->prepare()
#11 /var/www/html/serviceapp/framework/web/actions/CInlineAction.php(50): CCodeGenerator->actionIndex()
#12 /var/www/html/serviceapp/framework/web/CController.php(309): CInlineAction->runWithParams(Array)
#13 /var/www/html/serviceapp/framework/web/CController.php(287): CController->runAction(Object(CInlineAction))
#14 /var/www/html/serviceapp/framework/web/CController.php(266): CController->runActionWithFilters(Object(CInlineAction), Array)
#15 /var/www/html/serviceapp/framework/web/CWebApplication.php(283): CController->run('')
#16 /var/www/html/serviceapp/framework/web/CWebApplication.php(142): CWebApplication->runController('gii/serviceCont...')
#17 /var/www/html/serviceapp/framework/base/CApplication.php(162): CWebApplication->processRequest()
#18 /var/www/html/serviceapp/index.php(13): CApplication->run()
#19 {main}
REQUEST_URI=/serviceapp/index.php/gii/serviceController
HTTP_REFERER=http://localhost/serviceapp/index.php/gii/serviceController
---
2013/04/16 16:28:47 [error] [exception.CException] exception 'CException' with message 'AddressTypes and its behaviors do not have a method or closure named "getPrefixName".' in /var/www/html/serviceapp/framework/base/CComponent.php:266
Stack trace:
#0 /var/www/html/serviceapp/framework/db/ar/CActiveRecord.php(226): CComponent->__call('getPrefixName', Array)
#1 /var/www/html/serviceapp/protected/models/AddressTypes.php(21): CActiveRecord->__call('getPrefixName', Array)
#2 /var/www/html/serviceapp/protected/models/AddressTypes.php(21): BaseAddressTypes->getPrefixName()
#3 /var/www/html/serviceapp/framework/db/ar/CActiveRecord.php(2310): AddressTypes->tableName()
#4 /var/www/html/serviceapp/framework/db/ar/CActiveRecord.php(388): CActiveRecordMetaData->__construct(Object(AddressTypes))
#5 /var/www/html/serviceapp/framework/gii/generators/serviceController/ServiceControllerCode.php(59): CActiveRecord::model('AddressTypes')
#6 /var/www/html/serviceapp/framework/validators/CInlineValidator.php(43): ServiceControllerCode->validateModel('model', Array)
#7 /var/www/html/serviceapp/framework/validators/CValidator.php(214): CInlineValidator->validateAttribute(Object(ServiceControllerCode), 'model')
#8 /var/www/html/serviceapp/framework/base/CModel.php(158): CValidator->validate(Object(ServiceControllerCode), NULL)
#9 /var/www/html/serviceapp/framework/gii/CCodeGenerator.php(145): CModel->validate()
#10 /var/www/html/serviceapp/framework/gii/CCodeGenerator.php(61): CCodeGenerator->prepare()
#11 /var/www/html/serviceapp/framework/web/actions/CInlineAction.php(50): CCodeGenerator->actionIndex()
#12 /var/www/html/serviceapp/framework/web/CController.php(309): CInlineAction->runWithParams(Array)
#13 /var/www/html/serviceapp/framework/web/CController.php(287): CController->runAction(Object(CInlineAction))
#14 /var/www/html/serviceapp/framework/web/CController.php(266): CController->runActionWithFilters(Object(CInlineAction), Array)
#15 /var/www/html/serviceapp/framework/web/CWebApplication.php(283): CController->run('')
#16 /var/www/html/serviceapp/framework/web/CWebApplication.php(142): CWebApplication->runController('gii/serviceCont...')
#17 /var/www/html/serviceapp/framework/base/CApplication.php(162): CWebApplication->processRequest()
#18 /var/www/html/serviceapp/index.php(13): CApplication->run()
#19 {main}
REQUEST_URI=/serviceapp/index.php/gii/serviceController
HTTP_REFERER=http://localhost/serviceapp/index.php/gii/serviceController
---
2013/04/16 16:30:33 [error] [exception.CException] exception 'CException' with message 'Property "ServiceControllerCode.baseClass" is not defined.' in /var/www/html/serviceapp/framework/base/CComponent.php:131
Stack trace:
#0 /var/www/html/serviceapp/framework/gii/generators/serviceController/templates/default/serviceController.php(10): CComponent->__get('baseClass')
#1 /var/www/html/serviceapp/framework/gii/CCodeModel.php(306): require('/var/www/html/s...')
#2 /var/www/html/serviceapp/framework/gii/generators/serviceController/ServiceControllerCode.php(78): CCodeModel->render('/var/www/html/s...')
#3 /var/www/html/serviceapp/framework/gii/CCodeGenerator.php(147): ServiceControllerCode->prepare()
#4 /var/www/html/serviceapp/framework/gii/CCodeGenerator.php(61): CCodeGenerator->prepare()
#5 /var/www/html/serviceapp/framework/web/actions/CInlineAction.php(50): CCodeGenerator->actionIndex()
#6 /var/www/html/serviceapp/framework/web/CController.php(309): CInlineAction->runWithParams(Array)
#7 /var/www/html/serviceapp/framework/web/CController.php(287): CController->runAction(Object(CInlineAction))
#8 /var/www/html/serviceapp/framework/web/CController.php(266): CController->runActionWithFilters(Object(CInlineAction), Array)
#9 /var/www/html/serviceapp/framework/web/CWebApplication.php(283): CController->run('')
#10 /var/www/html/serviceapp/framework/web/CWebApplication.php(142): CWebApplication->runController('gii/serviceCont...')
#11 /var/www/html/serviceapp/framework/base/CApplication.php(162): CWebApplication->processRequest()
#12 /var/www/html/serviceapp/index.php(13): CApplication->run()
#13 {main}
REQUEST_URI=/serviceapp/index.php/gii/serviceController
HTTP_REFERER=http://localhost/serviceapp/index.php/gii/serviceController
---
2013/04/17 11:31:49 [error] [exception.CHttpException.404] exception 'CHttpException' with message 'Unable to resolve the request "addressTypes".' in /var/www/html/serviceapp/framework/web/CWebApplication.php:287
Stack trace:
#0 /var/www/html/serviceapp/framework/web/CWebApplication.php(142): CWebApplication->runController('addressTypes')
#1 /var/www/html/serviceapp/framework/base/CApplication.php(162): CWebApplication->processRequest()
#2 /var/www/html/serviceapp/index.php(13): CApplication->run()
#3 {main}
REQUEST_URI=/serviceapp/index.php/addressTypes
HTTP_REFERER=http://localhost/serviceapp/index.php/gii/serviceController
---
2013/04/17 11:32:01 [error] [exception.CHttpException.404] exception 'CHttpException' with message 'Unable to resolve the request "addressTypesServices".' in /var/www/html/serviceapp/framework/web/CWebApplication.php:287
Stack trace:
#0 /var/www/html/serviceapp/framework/web/CWebApplication.php(142): CWebApplication->runController('addressTypesSer...')
#1 /var/www/html/serviceapp/framework/base/CApplication.php(162): CWebApplication->processRequest()
#2 /var/www/html/serviceapp/index.php(13): CApplication->run()
#3 {main}
REQUEST_URI=/serviceapp/index.php/addressTypesServices
---
2013/04/17 11:32:19 [error] [exception.CHttpException.404] exception 'CHttpException' with message 'Unable to resolve the request "addressTypesServices".' in /var/www/html/serviceapp/framework/web/CWebApplication.php:287
Stack trace:
#0 /var/www/html/serviceapp/framework/web/CWebApplication.php(142): CWebApplication->runController('addressTypesSer...')
#1 /var/www/html/serviceapp/framework/base/CApplication.php(162): CWebApplication->processRequest()
#2 /var/www/html/serviceapp/index.php(13): CApplication->run()
#3 {main}
REQUEST_URI=/serviceapp/index.php/addressTypesServices
---
2013/04/17 11:32:22 [error] [exception.CHttpException.404] exception 'CHttpException' with message 'Unable to resolve the request "AddressTypesServices".' in /var/www/html/serviceapp/framework/web/CWebApplication.php:287
Stack trace:
#0 /var/www/html/serviceapp/framework/web/CWebApplication.php(142): CWebApplication->runController('AddressTypesSer...')
#1 /var/www/html/serviceapp/framework/base/CApplication.php(162): CWebApplication->processRequest()
#2 /var/www/html/serviceapp/index.php(13): CApplication->run()
#3 {main}
REQUEST_URI=/serviceapp/index.php/AddressTypesServices
---
2013/04/17 16:53:08 [error] [exception.CHttpException.404] exception 'CHttpException' with message 'Unable to resolve the request "AddressTypes".' in /var/www/html/serviceapp/framework/web/CWebApplication.php:287
Stack trace:
#0 /var/www/html/serviceapp/framework/web/CWebApplication.php(142): CWebApplication->runController('AddressTypes')
#1 /var/www/html/serviceapp/framework/base/CApplication.php(162): CWebApplication->processRequest()
#2 /var/www/html/serviceapp/index.php(13): CApplication->run()
#3 {main}
REQUEST_URI=/serviceapp/index.php/AddressTypes
---
2013/04/17 16:53:38 [error] [exception.CHttpException.404] exception 'CHttpException' with message 'Unable to resolve the request "AddressTypesServices".' in /var/www/html/serviceapp/framework/web/CWebApplication.php:287
Stack trace:
#0 /var/www/html/serviceapp/framework/web/CWebApplication.php(142): CWebApplication->runController('AddressTypesSer...')
#1 /var/www/html/serviceapp/framework/base/CApplication.php(162): CWebApplication->processRequest()
#2 /var/www/html/serviceapp/index.php(13): CApplication->run()
#3 {main}
REQUEST_URI=/serviceapp/index.php/AddressTypesServices
---
2013/04/17 16:53:46 [error] [exception.CHttpException.404] exception 'CHttpException' with message 'Unable to resolve the request "AddressTypesServices".' in /var/www/html/serviceapp/framework/web/CWebApplication.php:287
Stack trace:
#0 /var/www/html/serviceapp/framework/web/CWebApplication.php(142): CWebApplication->runController('AddressTypesSer...')
#1 /var/www/html/serviceapp/framework/base/CApplication.php(162): CWebApplication->processRequest()
#2 /var/www/html/serviceapp/index.php(13): CApplication->run()
#3 {main}
REQUEST_URI=/serviceapp/index.php/AddressTypesServices
---
2013/04/17 16:53:48 [error] [exception.CHttpException.404] exception 'CHttpException' with message 'Unable to resolve the request "AddressTypesServices".' in /var/www/html/serviceapp/framework/web/CWebApplication.php:287
Stack trace:
#0 /var/www/html/serviceapp/framework/web/CWebApplication.php(142): CWebApplication->runController('AddressTypesSer...')
#1 /var/www/html/serviceapp/framework/base/CApplication.php(162): CWebApplication->processRequest()
#2 /var/www/html/serviceapp/index.php(13): CApplication->run()
#3 {main}
REQUEST_URI=/serviceapp/index.php/AddressTypesServices
---
2013/04/17 16:54:32 [error] [exception.CHttpException.404] exception 'CHttpException' with message 'Unable to resolve the request "addressTypes".' in /var/www/html/serviceapp/framework/web/CWebApplication.php:287
Stack trace:
#0 /var/www/html/serviceapp/framework/web/CWebApplication.php(142): CWebApplication->runController('addressTypes')
#1 /var/www/html/serviceapp/framework/base/CApplication.php(162): CWebApplication->processRequest()
#2 /var/www/html/serviceapp/index.php(13): CApplication->run()
#3 {main}
REQUEST_URI=/serviceapp/index.php/addressTypes
---
2013/04/17 16:54:46 [error] [exception.CHttpException.404] exception 'CHttpException' with message 'Unable to resolve the request "addressTypes/index".' in /var/www/html/serviceapp/framework/web/CWebApplication.php:287
Stack trace:
#0 /var/www/html/serviceapp/framework/web/CWebApplication.php(142): CWebApplication->runController('addressTypes/in...')
#1 /var/www/html/serviceapp/framework/base/CApplication.php(162): CWebApplication->processRequest()
#2 /var/www/html/serviceapp/index.php(13): CApplication->run()
#3 {main}
REQUEST_URI=/serviceapp/index.php/addressTypes/index
---
2013/04/17 16:58:57 [error] [exception.CHttpException.404] exception 'CHttpException' with message 'Unable to resolve the request "addressTypes".' in /var/www/html/serviceapp/framework/web/CWebApplication.php:287
Stack trace:
#0 /var/www/html/serviceapp/framework/web/CWebApplication.php(142): CWebApplication->runController('addressTypes')
#1 /var/www/html/serviceapp/framework/base/CApplication.php(162): CWebApplication->processRequest()
#2 /var/www/html/serviceapp/index.php(13): CApplication->run()
#3 {main}
REQUEST_URI=/serviceapp/index.php/addressTypes
---
2013/04/18 10:13:39 [error] [exception.CHttpException.404] exception 'CHttpException' with message 'Unable to resolve the request "addressTypes".' in /var/www/html/serviceapp/framework/web/CWebApplication.php:287
Stack trace:
#0 /var/www/html/serviceapp/framework/web/CWebApplication.php(142): CWebApplication->runController('addressTypes')
#1 /var/www/html/serviceapp/framework/base/CApplication.php(162): CWebApplication->processRequest()
#2 /var/www/html/serviceapp/index.php(13): CApplication->run()
#3 {main}
REQUEST_URI=/serviceapp/index.php/addressTypes
---
2013/04/18 10:14:34 [error] [exception.CHttpException.404] exception 'CHttpException' with message 'Unable to resolve the request "addressTypesServices".' in /var/www/html/serviceapp/framework/web/CWebApplication.php:287
Stack trace:
#0 /var/www/html/serviceapp/framework/web/CWebApplication.php(142): CWebApplication->runController('addressTypesSer...')
#1 /var/www/html/serviceapp/framework/base/CApplication.php(162): CWebApplication->processRequest()
#2 /var/www/html/serviceapp/index.php(13): CApplication->run()
#3 {main}
REQUEST_URI=/serviceapp/index.php/addressTypesServices
---
2013/04/18 10:16:57 [error] [exception.CHttpException.404] exception 'CHttpException' with message 'Unable to resolve the request "addressTypesServices".' in /var/www/html/serviceapp/framework/web/CWebApplication.php:287
Stack trace:
#0 /var/www/html/serviceapp/framework/web/CWebApplication.php(142): CWebApplication->runController('addressTypesSer...')
#1 /var/www/html/serviceapp/framework/base/CApplication.php(162): CWebApplication->processRequest()
#2 /var/www/html/serviceapp/index.php(13): CApplication->run()
#3 {main}
REQUEST_URI=/serviceapp/index.php/addressTypesServices
---
2013/04/18 10:30:17 [error] [exception.CHttpException.404] exception 'CHttpException' with message 'Unable to resolve the request "AddressTypesServices".' in /var/www/html/serviceapp/framework/web/CWebApplication.php:287
Stack trace:
#0 /var/www/html/serviceapp/framework/web/CWebApplication.php(142): CWebApplication->runController('AddressTypesSer...')
#1 /var/www/html/serviceapp/framework/base/CApplication.php(162): CWebApplication->processRequest()
#2 /var/www/html/serviceapp/index.php(13): CApplication->run()
#3 {main}
REQUEST_URI=/serviceapp/index.php/AddressTypesServices
---
2013/04/18 10:30:50 [error] [php] Undefined index: access_token (/var/www/html/serviceapp/protected/controllers/AddressTypesServiceController.php:10)
Stack trace:
#0 /var/www/html/serviceapp/framework/web/CController.php(287): AddressTypesServiceController->runAction()
#1 /var/www/html/serviceapp/framework/web/CController.php(266): AddressTypesServiceController->runActionWithFilters()
#2 /var/www/html/serviceapp/protected/controllers/AddressTypesServiceController.php(6): AddressTypesServiceController->run()
#3 /var/www/html/serviceapp/framework/web/actions/CInlineAction.php(50): AddressTypesServiceController->actionIndex()
#4 /var/www/html/serviceapp/framework/web/CController.php(309): CInlineAction->runWithParams()
#5 /var/www/html/serviceapp/framework/web/CController.php(287): AddressTypesServiceController->runAction()
#6 /var/www/html/serviceapp/framework/web/CController.php(266): AddressTypesServiceController->runActionWithFilters()
#7 /var/www/html/serviceapp/framework/web/CWebApplication.php(283): AddressTypesServiceController->run()
#8 /var/www/html/serviceapp/framework/web/CWebApplication.php(142): CWebApplication->runController()
#9 /var/www/html/serviceapp/framework/base/CApplication.php(162): CWebApplication->processRequest()
#10 /var/www/html/serviceapp/index.php(13): CWebApplication->run()
REQUEST_URI=/serviceapp/index.php/AddressTypesService
in /var/www/html/serviceapp/protected/controllers/AddressTypesServiceController.php (10)
in /var/www/html/serviceapp/protected/controllers/AddressTypesServiceController.php (6)
in /var/www/html/serviceapp/index.php (13)
2013/04/18 10:31:40 [error] [php] Undefined index: access_token (/var/www/html/serviceapp/protected/controllers/AddressTypesServiceController.php:10)
Stack trace:
#0 /var/www/html/serviceapp/framework/web/CController.php(287): AddressTypesServiceController->runAction()
#1 /var/www/html/serviceapp/framework/web/CController.php(266): AddressTypesServiceController->runActionWithFilters()
#2 /var/www/html/serviceapp/protected/controllers/AddressTypesServiceController.php(6): AddressTypesServiceController->run()
#3 /var/www/html/serviceapp/framework/web/actions/CInlineAction.php(50): AddressTypesServiceController->actionIndex()
#4 /var/www/html/serviceapp/framework/web/CController.php(309): CInlineAction->runWithParams()
#5 /var/www/html/serviceapp/framework/web/CController.php(287): AddressTypesServiceController->runAction()
#6 /var/www/html/serviceapp/framework/web/CController.php(266): AddressTypesServiceController->runActionWithFilters()
#7 /var/www/html/serviceapp/framework/web/CWebApplication.php(283): AddressTypesServiceController->run()
#8 /var/www/html/serviceapp/framework/web/CWebApplication.php(142): CWebApplication->runController()
#9 /var/www/html/serviceapp/framework/base/CApplication.php(162): CWebApplication->processRequest()
#10 /var/www/html/serviceapp/index.php(13): CWebApplication->run()
REQUEST_URI=/serviceapp/index.php/AddressTypesService
in /var/www/html/serviceapp/protected/controllers/AddressTypesServiceController.php (10)
in /var/www/html/serviceapp/protected/controllers/AddressTypesServiceController.php (6)
in /var/www/html/serviceapp/index.php (13)
2013/04/18 10:31:43 [error] [php] Undefined index: access_token (/var/www/html/serviceapp/protected/controllers/AddressTypesServiceController.php:10)
Stack trace:
#0 /var/www/html/serviceapp/framework/web/CController.php(287): AddressTypesServiceController->runAction()
#1 /var/www/html/serviceapp/framework/web/CController.php(266): AddressTypesServiceController->runActionWithFilters()
#2 /var/www/html/serviceapp/protected/controllers/AddressTypesServiceController.php(6): AddressTypesServiceController->run()
#3 /var/www/html/serviceapp/framework/web/actions/CInlineAction.php(50): AddressTypesServiceController->actionIndex()
#4 /var/www/html/serviceapp/framework/web/CController.php(309): CInlineAction->runWithParams()
#5 /var/www/html/serviceapp/framework/web/CController.php(287): AddressTypesServiceController->runAction()
#6 /var/www/html/serviceapp/framework/web/CController.php(266): AddressTypesServiceController->runActionWithFilters()
#7 /var/www/html/serviceapp/framework/web/CWebApplication.php(283): AddressTypesServiceController->run()
#8 /var/www/html/serviceapp/framework/web/CWebApplication.php(142): CWebApplication->runController()
#9 /var/www/html/serviceapp/framework/base/CApplication.php(162): CWebApplication->processRequest()
#10 /var/www/html/serviceapp/index.php(13): CWebApplication->run()
REQUEST_URI=/serviceapp/index.php/AddressTypesService
in /var/www/html/serviceapp/protected/controllers/AddressTypesServiceController.php (10)
in /var/www/html/serviceapp/protected/controllers/AddressTypesServiceController.php (6)
in /var/www/html/serviceapp/index.php (13)
2013/04/18 11:28:27 [error] [exception.CHttpException.404] exception 'CHttpException' with message 'The system is unable to find the requested action "address_type_id".' in /var/www/html/serviceapp/framework/web/CController.php:484
Stack trace:
#0 /var/www/html/serviceapp/framework/web/CController.php(271): CController->missingAction('address_type_id')
#1 /var/www/html/serviceapp/framework/web/CWebApplication.php(283): CController->run('address_type_id')
#2 /var/www/html/serviceapp/framework/web/CWebApplication.php(142): CWebApplication->runController('AddressTypesSer...')
#3 /var/www/html/serviceapp/framework/base/CApplication.php(162): CWebApplication->processRequest()
#4 /var/www/html/serviceapp/index.php(13): CApplication->run()
#5 {main}
REQUEST_URI=/serviceapp/index.php/AddressTypesService/address_type_id/1/
---
2013/04/18 11:28:48 [error] [exception.CHttpException.404] exception 'CHttpException' with message 'The system is unable to find the requested action "view".' in /var/www/html/serviceapp/framework/web/CController.php:484
Stack trace:
#0 /var/www/html/serviceapp/framework/web/CController.php(271): CController->missingAction('view')
#1 /var/www/html/serviceapp/framework/web/CWebApplication.php(283): CController->run('view')
#2 /var/www/html/serviceapp/framework/web/CWebApplication.php(142): CWebApplication->runController('AddressTypesSer...')
#3 /var/www/html/serviceapp/framework/base/CApplication.php(162): CWebApplication->processRequest()
#4 /var/www/html/serviceapp/index.php(13): CApplication->run()
#5 {main}
REQUEST_URI=/serviceapp/index.php/AddressTypesService/1/
---
2013/04/18 11:29:42 [error] [exception.CHttpException.404] exception 'CHttpException' with message 'The system is unable to find the requested action "adressTypes".' in /var/www/html/serviceapp/framework/web/CController.php:484
Stack trace:
#0 /var/www/html/serviceapp/framework/web/CController.php(271): CController->missingAction('adressTypes')
#1 /var/www/html/serviceapp/framework/web/CWebApplication.php(283): CController->run('adressTypes')
#2 /var/www/html/serviceapp/framework/web/CWebApplication.php(142): CWebApplication->runController('AddressTypesSer...')
#3 /var/www/html/serviceapp/framework/base/CApplication.php(162): CWebApplication->processRequest()
#4 /var/www/html/serviceapp/index.php(13): CApplication->run()
#5 {main}
REQUEST_URI=/serviceapp/index.php/AddressTypesService/adressTypes/
---
2013/04/18 11:30:44 [error] [php] Undefined index: access_token (/var/www/html/serviceapp/protected/controllers/AddressTypesServiceController.php:12)
Stack trace:
#0 /var/www/html/serviceapp/framework/web/CController.php(287): AddressTypesServiceController->runAction()
#1 /var/www/html/serviceapp/framework/web/CController.php(266): AddressTypesServiceController->runActionWithFilters()
#2 /var/www/html/serviceapp/framework/web/CWebApplication.php(283): AddressTypesServiceController->run()
#3 /var/www/html/serviceapp/framework/web/CWebApplication.php(142): CWebApplication->runController()
#4 /var/www/html/serviceapp/framework/base/CApplication.php(162): CWebApplication->processRequest()
#5 /var/www/html/serviceapp/index.php(13): CWebApplication->run()
REQUEST_URI=/serviceapp/index.php/AddressTypesService/addressTypes/1/
in /var/www/html/serviceapp/protected/controllers/AddressTypesServiceController.php (12)
in /var/www/html/serviceapp/index.php (13)
2013/04/18 11:31:30 [error] [php] Undefined index: address_type_id (/var/www/html/serviceapp/protected/controllers/AddressTypesServiceController.php:13)
Stack trace:
#0 /var/www/html/serviceapp/framework/web/CController.php(287): AddressTypesServiceController->runAction()
#1 /var/www/html/serviceapp/framework/web/CController.php(266): AddressTypesServiceController->runActionWithFilters()
#2 /var/www/html/serviceapp/framework/web/CWebApplication.php(283): AddressTypesServiceController->run()
#3 /var/www/html/serviceapp/framework/web/CWebApplication.php(142): CWebApplication->runController()
#4 /var/www/html/serviceapp/framework/base/CApplication.php(162): CWebApplication->processRequest()
#5 /var/www/html/serviceapp/index.php(13): CWebApplication->run()
REQUEST_URI=/serviceapp/index.php/AddressTypesService/addressTypes/1/
in /var/www/html/serviceapp/protected/controllers/AddressTypesServiceController.php (13)
in /var/www/html/serviceapp/index.php (13)
2013/04/18 11:56:12 [error] [php] include(UserDetails.php): failed to open stream: No such file or directory (/var/www/html/serviceapp/framework/YiiBase.php:423)
Stack trace:
#0 /var/www/html/serviceapp/protected/controllers/AddressTypesServiceController.php(18): spl_autoload_call()
#1 /var/www/html/serviceapp/framework/web/actions/CInlineAction.php(50): AddressTypesServiceController->actionAddressTypes()
#2 /var/www/html/serviceapp/framework/web/CController.php(309): CInlineAction->runWithParams()
#3 /var/www/html/serviceapp/framework/web/CController.php(287): AddressTypesServiceController->runAction()
#4 /var/www/html/serviceapp/framework/web/CController.php(266): AddressTypesServiceController->runActionWithFilters()
#5 /var/www/html/serviceapp/framework/web/CWebApplication.php(283): AddressTypesServiceController->run()
#6 /var/www/html/serviceapp/framework/web/CWebApplication.php(142): CWebApplication->runController()
#7 /var/www/html/serviceapp/framework/base/CApplication.php(162): CWebApplication->processRequest()
#8 /var/www/html/serviceapp/index.php(13): CWebApplication->run()
REQUEST_URI=/serviceapp/index.php/AddressTypesService/addressTypes/address_type_id/1/
in /var/www/html/serviceapp/protected/controllers/AddressTypesServiceController.php (18)
in /var/www/html/serviceapp/index.php (13)
2013/04/18 12:00:32 [error] [php] Undefined index: address_type_id (/var/www/html/serviceapp/protected/controllers/AddressTypesServiceController.php:13)
Stack trace:
#0 /var/www/html/serviceapp/framework/web/CController.php(287): AddressTypesServiceController->runAction()
#1 /var/www/html/serviceapp/framework/web/CController.php(266): AddressTypesServiceController->runActionWithFilters()
#2 /var/www/html/serviceapp/framework/web/CWebApplication.php(283): AddressTypesServiceController->run()
#3 /var/www/html/serviceapp/framework/web/CWebApplication.php(142): CWebApplication->runController()
#4 /var/www/html/serviceapp/framework/base/CApplication.php(162): CWebApplication->processRequest()
#5 /var/www/html/serviceapp/index.php(13): CWebApplication->run()
REQUEST_URI=/serviceapp/index.php/AddressTypesService/addressTypes/
in /var/www/html/serviceapp/protected/controllers/AddressTypesServiceController.php (13)
in /var/www/html/serviceapp/index.php (13)
2013/04/18 12:09:36 [error] [php] Undefined index: address_type_id (/var/www/html/serviceapp/protected/controllers/AddressTypesServiceController.php:13)
Stack trace:
#0 /var/www/html/serviceapp/framework/web/CController.php(287): AddressTypesServiceController->runAction()
#1 /var/www/html/serviceapp/framework/web/CController.php(266): AddressTypesServiceController->runActionWithFilters()
#2 /var/www/html/serviceapp/framework/web/CWebApplication.php(283): AddressTypesServiceController->run()
#3 /var/www/html/serviceapp/framework/web/CWebApplication.php(142): CWebApplication->runController()
#4 /var/www/html/serviceapp/framework/base/CApplication.php(162): CWebApplication->processRequest()
#5 /var/www/html/serviceapp/index.php(13): CWebApplication->run()
REQUEST_URI=/serviceapp/index.php/AddressTypesService/addressTypes/
in /var/www/html/serviceapp/protected/controllers/AddressTypesServiceController.php (13)
in /var/www/html/serviceapp/index.php (13)
2013/04/18 12:16:34 [error] [php] Undefined index: access_token (/var/www/html/serviceapp/protected/controllers/AddressTypesServiceController.php:10)
Stack trace:
#0 /var/www/html/serviceapp/framework/web/CController.php(287): AddressTypesServiceController->runAction()
#1 /var/www/html/serviceapp/framework/web/CController.php(266): AddressTypesServiceController->runActionWithFilters()
#2 /var/www/html/serviceapp/framework/web/CWebApplication.php(283): AddressTypesServiceController->run()
#3 /var/www/html/serviceapp/framework/web/CWebApplication.php(142): CWebApplication->runController()
#4 /var/www/html/serviceapp/framework/base/CApplication.php(162): CWebApplication->processRequest()
#5 /var/www/html/serviceapp/index.php(13): CWebApplication->run()
REQUEST_URI=/serviceapp/index.php/AddressTypesService/addressTypes/
in /var/www/html/serviceapp/protected/controllers/AddressTypesServiceController.php (10)
in /var/www/html/serviceapp/index.php (13)
2013/04/18 12:26:47 [error] [php] Undefined variable: content_type (/var/www/html/serviceapp/protected/components/ServiceController.php:38)
Stack trace:
#0 /var/www/html/serviceapp/framework/web/CController.php(309): CInlineAction->runWithParams()
#1 /var/www/html/serviceapp/framework/web/CController.php(287): AddressTypesServiceController->runAction()
#2 /var/www/html/serviceapp/framework/web/CController.php(266): AddressTypesServiceController->runActionWithFilters()
#3 /var/www/html/serviceapp/framework/web/CWebApplication.php(283): AddressTypesServiceController->run()
#4 /var/www/html/serviceapp/framework/web/CWebApplication.php(142): CWebApplication->runController()
#5 /var/www/html/serviceapp/framework/base/CApplication.php(162): CWebApplication->processRequest()
#6 /var/www/html/serviceapp/index.php(13): CWebApplication->run()
REQUEST_URI=/serviceapp/index.php/AddressTypesService/addressTypes/address_type_id/4/
in /var/www/html/serviceapp/protected/components/ServiceController.php (38)
in /var/www/html/serviceapp/protected/controllers/AddressTypesServiceController.php (21)
in /var/www/html/serviceapp/index.php (13)
2013/04/18 12:37:07 [error] [php] Undefined variable: data (/var/www/html/serviceapp/protected/controllers/AddressTypesServiceController.php:29)
Stack trace:
#0 /var/www/html/serviceapp/framework/web/CController.php(287): AddressTypesServiceController->runAction()
#1 /var/www/html/serviceapp/framework/web/CController.php(266): AddressTypesServiceController->runActionWithFilters()
#2 /var/www/html/serviceapp/framework/web/CWebApplication.php(283): AddressTypesServiceController->run()
#3 /var/www/html/serviceapp/framework/web/CWebApplication.php(142): CWebApplication->runController()
#4 /var/www/html/serviceapp/framework/base/CApplication.php(162): CWebApplication->processRequest()
#5 /var/www/html/serviceapp/index.php(13): CWebApplication->run()
REQUEST_URI=/serviceapp/index.php/AddressTypesService/addressTypes/
in /var/www/html/serviceapp/protected/controllers/AddressTypesServiceController.php (29)
in /var/www/html/serviceapp/index.php (13)
2013/04/18 12:49:14 [error] [exception.CException] exception 'CException' with message 'SocialLogin and its behaviors do not have a method or closure named "getPrefixName".' in /var/www/html/serviceapp/framework/base/CComponent.php:266
Stack trace:
#0 /var/www/html/serviceapp/framework/db/ar/CActiveRecord.php(226): CComponent->__call('getPrefixName', Array)
#1 /var/www/html/serviceapp/protected/models/SocialLogin.php(21): CActiveRecord->__call('getPrefixName', Array)
#2 /var/www/html/serviceapp/protected/models/SocialLogin.php(21): BaseSocialLogin->getPrefixName()
#3 /var/www/html/serviceapp/framework/db/ar/CActiveRecord.php(2310): SocialLogin->tableName()
#4 /var/www/html/serviceapp/framework/db/ar/CActiveRecord.php(388): CActiveRecordMetaData->__construct(Object(SocialLogin))
#5 /var/www/html/serviceapp/framework/gii/generators/serviceController/ServiceControllerCode.php(59): CActiveRecord::model('SocialLogin')
#6 /var/www/html/serviceapp/framework/validators/CInlineValidator.php(43): ServiceControllerCode->validateModel('model', Array)
#7 /var/www/html/serviceapp/framework/validators/CValidator.php(214): CInlineValidator->validateAttribute(Object(ServiceControllerCode), 'model')
#8 /var/www/html/serviceapp/framework/base/CModel.php(158): CValidator->validate(Object(ServiceControllerCode), NULL)
#9 /var/www/html/serviceapp/framework/gii/CCodeGenerator.php(145): CModel->validate()
#10 /var/www/html/serviceapp/framework/gii/CCodeGenerator.php(61): CCodeGenerator->prepare()
#11 /var/www/html/serviceapp/framework/web/actions/CInlineAction.php(50): CCodeGenerator->actionIndex()
#12 /var/www/html/serviceapp/framework/web/CController.php(309): CInlineAction->runWithParams(Array)
#13 /var/www/html/serviceapp/framework/web/CController.php(287): CController->runAction(Object(CInlineAction))
#14 /var/www/html/serviceapp/framework/web/CController.php(266): CController->runActionWithFilters(Object(CInlineAction), Array)
#15 /var/www/html/serviceapp/framework/web/CWebApplication.php(283): CController->run('')
#16 /var/www/html/serviceapp/framework/web/CWebApplication.php(142): CWebApplication->runController('gii/serviceCont...')
#17 /var/www/html/serviceapp/framework/base/CApplication.php(162): CWebApplication->processRequest()
#18 /var/www/html/serviceapp/index.php(13): CApplication->run()
#19 {main}
REQUEST_URI=/serviceapp/index.php/gii/serviceController
HTTP_REFERER=http://localhost/serviceapp/index.php/gii/serviceController
---
2013/04/18 12:50:27 [error] [exception.CHttpException.404] exception 'CHttpException' with message 'Unable to resolve the request "SocialLoginTypesService".' in /var/www/html/serviceapp/framework/web/CWebApplication.php:287
Stack trace:
#0 /var/www/html/serviceapp/framework/web/CWebApplication.php(142): CWebApplication->runController('SocialLoginType...')
#1 /var/www/html/serviceapp/framework/base/CApplication.php(162): CWebApplication->processRequest()
#2 /var/www/html/serviceapp/index.php(13): CApplication->run()
#3 {main}
REQUEST_URI=/serviceapp/index.php/SocialLoginTypesService/
---
2013/04/18 14:49:33 [error] [exception.CHttpException.404] exception 'CHttpException' with message 'The system is unable to find the requested action "view".' in /var/www/html/serviceapp/framework/web/CController.php:484
Stack trace:
#0 /var/www/html/serviceapp/framework/web/CController.php(271): CController->missingAction('view')
#1 /var/www/html/serviceapp/framework/web/CWebApplication.php(283): CController->run('view')
#2 /var/www/html/serviceapp/framework/web/CWebApplication.php(142): CWebApplication->runController('SocialLoginServ...')
#3 /var/www/html/serviceapp/framework/base/CApplication.php(162): CWebApplication->processRequest()
#4 /var/www/html/serviceapp/index.php(13): CApplication->run()
#5 {main}
REQUEST_URI=/serviceapp/index.php/SocialLoginService/1
---
2013/04/18 17:47:53 [error] [exception.CException] exception 'CException' with message 'Alias "services.ServicesModule" is invalid. Make sure it points to an existing PHP file and the file is readable.' in /var/www/html/serviceapp/framework/YiiBase.php:318
Stack trace:
#0 /var/www/html/serviceapp/framework/YiiBase.php(198): YiiBase::import('services.Servic...', true)
#1 /var/www/html/serviceapp/framework/base/CModule.php(283): YiiBase::createComponent('services.Servic...', 'services', NULL, Array)
#2 /var/www/html/serviceapp/framework/web/CWebApplication.php(338): CModule->getModule('services')
#3 /var/www/html/serviceapp/framework/web/CWebApplication.php(277): CWebApplication->createController('services/custom...')
#4 /var/www/html/serviceapp/framework/web/CWebApplication.php(142): CWebApplication->runController('services/custom...')
#5 /var/www/html/serviceapp/framework/base/CApplication.php(162): CWebApplication->processRequest()
#6 /var/www/html/serviceapp/index.php(13): CApplication->run()
#7 {main}
REQUEST_URI=/serviceapp/index.php/services/customerService/
---
2013/04/18 17:57:56 [error] [exception.CHttpException.404] exception 'CHttpException' with message 'The system is unable to find the requested action "id".' in /var/www/html/serviceapp/framework/web/CController.php:484
Stack trace:
#0 /var/www/html/serviceapp/framework/web/CController.php(271): CController->missingAction('id')
#1 /var/www/html/serviceapp/framework/web/CWebApplication.php(283): CController->run('id')
#2 /var/www/html/serviceapp/framework/web/CWebApplication.php(142): CWebApplication->runController('customerService...')
#3 /var/www/html/serviceapp/framework/base/CApplication.php(162): CWebApplication->processRequest()
#4 /var/www/html/serviceapp/index.php(13): CApplication->run()
#5 {main}
REQUEST_URI=/serviceapp/index.php/customerService/id/1
---
2013/04/18 17:58:07 [error] [exception.CHttpException.404] exception 'CHttpException' with message 'The system is unable to find the requested action "view".' in /var/www/html/serviceapp/framework/web/CController.php:484
Stack trace:
#0 /var/www/html/serviceapp/framework/web/CController.php(271): CController->missingAction('view')
#1 /var/www/html/serviceapp/framework/web/CWebApplication.php(283): CController->run('view')
#2 /var/www/html/serviceapp/framework/web/CWebApplication.php(142): CWebApplication->runController('customerService...')
#3 /var/www/html/serviceapp/framework/base/CApplication.php(162): CWebApplication->processRequest()
#4 /var/www/html/serviceapp/index.php(13): CApplication->run()
#5 {main}
REQUEST_URI=/serviceapp/index.php/customerService/1
---
2013/04/19 09:38:50 [error] [exception.CHttpException.404] exception 'CHttpException' with message 'The system is unable to find the requested action "view".' in /var/www/html/serviceapp/framework/web/CController.php:484
Stack trace:
#0 /var/www/html/serviceapp/framework/web/CController.php(271): CController->missingAction('view')
#1 /var/www/html/serviceapp/framework/web/CWebApplication.php(283): CController->run('view')
#2 /var/www/html/serviceapp/framework/web/CWebApplication.php(142): CWebApplication->runController('customerService...')
#3 /var/www/html/serviceapp/framework/base/CApplication.php(162): CWebApplication->processRequest()
#4 /var/www/html/serviceapp/index.php(13): CApplication->run()
#5 {main}
REQUEST_URI=/serviceapp/index.php/customerService/1
---
2013/09/12 12:17:14 [error] [system.db.CDbCommand] CDbCommand::fetchAll() failed: SQLSTATE[42S02]: Base table or view not found: 1146 Table 'accelerator.location' doesn't exist. The SQL statement executed was: SHOW COLUMNS FROM `location`.
in /var/www/html/MobileHelper/index.php (13)
2013/09/12 12:17:33 [error] [system.db.CDbCommand] CDbCommand::fetchAll() failed: SQLSTATE[42S02]: Base table or view not found: 1146 Table 'accelerator.location' doesn't exist. The SQL statement executed was: SHOW COLUMNS FROM `location`.
in /var/www/html/MobileHelper/index.php (13)
2013/09/12 14:59:31 [error] [exception.CHttpException.404] exception 'CHttpException' with message 'Unable to resolve the request "Services/Users".' in /var/www/html/MobileHelper/framework/web/CWebApplication.php:287
Stack trace:
#0 /var/www/html/MobileHelper/framework/web/CWebApplication.php(142): CWebApplication->runController('Services/Users')
#1 /var/www/html/MobileHelper/framework/base/CApplication.php(162): CWebApplication->processRequest()
#2 /var/www/html/MobileHelper/index.php(13): CApplication->run()
#3 {main}
REQUEST_URI=/MobileHelper/Services/Users
---
